0 info it worked if it ends with ok
1 verbose cli [ 'C:\\Program Files\\nodejs\\node.exe',
1 verbose cli   'C:\\Program Files\\nodejs\\node_modules\\npm\\bin\\npm-cli.js',
1 verbose cli   'publish' ]
2 info using npm@2.15.8
3 info using node@v4.4.7
4 verbose publish [ '.' ]
5 silly cache add args [ '.', null ]
6 verbose cache add spec .
7 silly cache add parsed spec Result {
7 silly cache add   raw: '.',
7 silly cache add   scope: null,
7 silly cache add   name: null,
7 silly cache add   rawSpec: '.',
7 silly cache add   spec: 'E:\\getweather',
7 silly cache add   type: 'directory' }
8 verbose addLocalDirectory C:\Users\Administrator\AppData\Roaming\npm-cache\getweather\1.0.8\package.tgz not in flight; packing
9 verbose correctMkdir C:\Users\Administrator\AppData\Roaming\npm-cache correctMkdir not in flight; initializing
10 verbose tar pack [ 'C:\\Users\\Administrator\\AppData\\Roaming\\npm-cache\\getweather\\1.0.8\\package.tgz',
10 verbose tar pack   'E:\\getweather' ]
11 verbose tarball C:\Users\Administrator\AppData\Roaming\npm-cache\getweather\1.0.8\package.tgz
12 verbose folder E:\getweather
13 info prepublish getweather@1.0.8
14 verbose addLocalTarball adding from inside cache C:\Users\Administrator\AppData\Roaming\npm-cache\getweather\1.0.8\package.tgz
15 verbose correctMkdir C:\Users\Administrator\AppData\Roaming\npm-cache correctMkdir not in flight; initializing
16 silly cache afterAdd getweather@1.0.8
17 verbose afterAdd C:\Users\Administrator\AppData\Roaming\npm-cache\getweather\1.0.8\package\package.json not in flight; writing
18 verbose correctMkdir C:\Users\Administrator\AppData\Roaming\npm-cache correctMkdir not in flight; initializing
19 verbose afterAdd C:\Users\Administrator\AppData\Roaming\npm-cache\getweather\1.0.8\package\package.json written
20 silly publish { name: 'getweather',
20 silly publish   version: '1.0.8',
20 silly publish   description: '命令行获取天气',
20 silly publish   main: 'getweather.js',
20 silly publish   bin: { getweather: './getweather.js' },
20 silly publish   scripts: { test: 'echo "Error: no test specified" && exit 1' },
20 silly publish   author: '',
20 silly publish   license: 'ISC',
20 silly publish   dependencies:
20 silly publish    { colors: '^1.1.2',
20 silly publish      'iconv-lite': '^0.4.13',
20 silly publish      request: '^2.74.0',
20 silly publish      xml2js: '^0.4.17',
20 silly publish      yargs: '^5.0.0' },
20 silly publish   readme: '命令行获取天气',
20 silly publish   readmeFilename: 'README.md',
20 silly publish   gitHead: '84ff67488b8bebbf770b12731cc4802a4a3c2358',
20 silly publish   _id: 'getweather@1.0.8',
20 silly publish   _shasum: '0f7a2112bfd29ee2263ce717bab2d914240070cf',
20 silly publish   _from: '.' }
21 verbose getPublishConfig undefined
22 silly mapToRegistry name getweather
23 silly mapToRegistry using default registry
24 silly mapToRegistry registry https://registry.npmjs.org/
25 silly mapToRegistry data Result {
25 silly mapToRegistry   raw: 'getweather',
25 silly mapToRegistry   scope: null,
25 silly mapToRegistry   name: 'getweather',
25 silly mapToRegistry   rawSpec: '',
25 silly mapToRegistry   spec: 'latest',
25 silly mapToRegistry   type: 'tag' }
26 silly mapToRegistry uri https://registry.npmjs.org/getweather
27 verbose publish registryBase https://registry.npmjs.org/
28 silly publish uploading C:\Users\Administrator\AppData\Roaming\npm-cache\getweather\1.0.8\package.tgz
29 verbose request uri https://registry.npmjs.org/getweather
30 verbose request sending authorization for write operation
31 info attempt registry request try #1 at 16:39:19
32 verbose request using bearer token for auth
33 verbose request id e103e7d54f89840e
34 http request PUT https://registry.npmjs.org/getweather
35 http 403 https://registry.npmjs.org/getweather
36 verbose headers { 'content-type': 'application/json',
36 verbose headers   'cache-control': 'max-age=300',
36 verbose headers   'content-length': '104',
36 verbose headers   'accept-ranges': 'bytes',
36 verbose headers   date: 'Wed, 07 Sep 2016 08:39:29 GMT',
36 verbose headers   via: '1.1 varnish',
36 verbose headers   connection: 'keep-alive',
36 verbose headers   'x-served-by': 'cache-lcy1132-LCY',
36 verbose headers   'x-cache': 'MISS',
36 verbose headers   'x-cache-hits': '0',
36 verbose headers   'x-timer': 'S1473237568.912259,VS0,VE667',
36 verbose headers   vary: 'Accept-Encoding' }
37 verbose request invalidating C:\Users\Administrator\AppData\Roaming\npm-cache\registry.npmjs.org\getweather on PUT
38 error publish Failed PUT 403
39 verbose stack Error: you do not have permission to publish "getweather". Are you logged in as the correct user? : getweather
39 verbose stack     at makeError (C:\Program Files\nodejs\node_modules\npm\node_modules\npm-registry-client\lib\request.js:264:12)
39 verbose stack     at CachingRegistryClient.<anonymous> (C:\Program Files\nodejs\node_modules\npm\node_modules\npm-registry-client\lib\request.js:252:14)
39 verbose stack     at Request._callback (C:\Program Files\nodejs\node_modules\npm\node_modules\npm-registry-client\lib\request.js:172:14)
39 verbose stack     at Request.self.callback (C:\Program Files\nodejs\node_modules\npm\node_modules\request\request.js:200:22)
39 verbose stack     at emitTwo (events.js:87:13)
39 verbose stack     at Request.emit (events.js:172:7)
39 verbose stack     at Request.<anonymous> (C:\Program Files\nodejs\node_modules\npm\node_modules\request\request.js:1067:10)
39 verbose stack     at emitOne (events.js:82:20)
39 verbose stack     at Request.emit (events.js:169:7)
39 verbose stack     at IncomingMessage.<anonymous> (C:\Program Files\nodejs\node_modules\npm\node_modules\request\request.js:988:12)
40 verbose statusCode 403
41 verbose pkgid getweather
42 verbose cwd E:\getweather
43 error Windows_NT 6.1.7601
44 error argv "C:\\Program Files\\nodejs\\node.exe" "C:\\Program Files\\nodejs\\node_modules\\npm\\bin\\npm-cli.js" "publish"
45 error node v4.4.7
46 error npm  v2.15.8
47 error code E403
48 error you do not have permission to publish "getweather". Are you logged in as the correct user? : getweather
49 error If you need help, you may report this error at:
49 error     <https://github.com/npm/npm/issues>
50 verbose exit [ 1, true ]
